[debug] [2023-07-08T16:14:48.786Z] ----------------------------------------------------------------------
[debug] [2023-07-08T16:14:48.788Z] Command:       C:\Program Files\nodejs\node.exe C:\Users\jojpo\AppData\Roaming\npm\node_modules\firebase-tools\lib\bin\firebase.js init
[debug] [2023-07-08T16:14:48.788Z] CLI Version:   12.4.3
[debug] [2023-07-08T16:14:48.788Z] Platform:      win32
[debug] [2023-07-08T16:14:48.789Z] Node Version:  v18.16.1
[debug] [2023-07-08T16:14:48.789Z] Time:          Sat Jul 08 2023 23:14:48 GMT+0700 (เวลาอินโดจีน)
[debug] [2023-07-08T16:14:48.789Z] ----------------------------------------------------------------------
[debug] 
[debug] [2023-07-08T16:14:48.793Z] >>> [apiv2][query] GET https://firebase-public.firebaseio.com/cli.json [none]
[debug] [2023-07-08T16:14:48.838Z] > command requires scopes: ["email","openid","https://www.googleapis.com/auth/cloudplatformprojects.readonly","https://www.googleapis.com/auth/firebase","https://www.googleapis.com/auth/cloud-platform"]
[debug] [2023-07-08T16:14:48.838Z] > authorizing via signed-in user (jojpo02@gmail.com)
[info] 
     ######## #### ########  ######## ########     ###     ######  ########
     ##        ##  ##     ## ##       ##     ##  ##   ##  ##       ##
     ######    ##  ########  ######   ########  #########  ######  ######
     ##        ##  ##    ##  ##       ##     ## ##     ##       ## ##
     ##       #### ##     ## ######## ########  ##     ##  ######  ########

You're about to initialize a Firebase project in this directory:

  C:\Users\jojpo\OneDrive\เอกสาร\GitHub\startbootstrap-stylish-portfolio

[debug] [2023-07-08T16:14:49.533Z] <<< [apiv2][status] GET https://firebase-public.firebaseio.com/cli.json 200
[debug] [2023-07-08T16:14:49.533Z] <<< [apiv2][body] GET https://firebase-public.firebaseio.com/cli.json {"cloudBuildErrorAfter":1594252800000,"cloudBuildWarnAfter":1590019200000,"defaultNode10After":1594252800000,"minVersion":"3.0.5","node8DeploysDisabledAfter":1613390400000,"node8RuntimeDisabledAfter":1615809600000,"node8WarnAfter":1600128000000}
[info] 
=== Project Setup
[info] 
[info] First, let's associate this project directory with a Firebase project.
[info] You can create multiple project aliases by running firebase use --add, 
[info] but for now we'll just set up a default project.
[info] 
[debug] [2023-07-08T16:15:09.202Z] > refreshing access token with scopes: []
[debug] [2023-07-08T16:15:09.202Z] >>> [apiv2][query] POST https://www.googleapis.com/oauth2/v3/token [none]
[debug] [2023-07-08T16:15:09.202Z] >>> [apiv2][body] POST https://www.googleapis.com/oauth2/v3/token [omitted]
[debug] [2023-07-08T16:15:09.528Z] <<< [apiv2][status] POST https://www.googleapis.com/oauth2/v3/token 200
[debug] [2023-07-08T16:15:09.528Z] <<< [apiv2][body] POST https://www.googleapis.com/oauth2/v3/token [omitted]
[debug] [2023-07-08T16:15:09.573Z] >>> [apiv2][query] GET https://firebase.googleapis.com/v1beta1/projects pageSize=100
[debug] [2023-07-08T16:15:10.610Z] <<< [apiv2][status] GET https://firebase.googleapis.com/v1beta1/projects 200
[debug] [2023-07-08T16:15:10.611Z] <<< [apiv2][body] GET https://firebase.googleapis.com/v1beta1/projects [omitted]
[info] i  Using project marktest-69e93 (marktest) 
[info] 
=== Hosting Setup
[info] 
[info] Your public directory is the folder (relative to your project directory) that
[info] will contain Hosting assets to be uploaded with firebase deploy. If you
[info] have a build process for your assets, use your build's output directory.
[info] 
[info] +  Wrote public/404.html 
[debug] [2023-07-08T16:15:33.971Z] >>> [apiv2][query] GET https://www.gstatic.com/firebasejs/releases.json [none]
[debug] [2023-07-08T16:15:34.173Z] <<< [apiv2][status] GET https://www.gstatic.com/firebasejs/releases.json 200
[debug] [2023-07-08T16:15:34.173Z] <<< [apiv2][body] GET https://www.gstatic.com/firebasejs/releases.json {"current":{"version":"10.0.0","browserURL":"https://www.gstatic.com/firebasejs/10.0.0/firebase.js","packageURL":"https://www.gstatic.com/firebasejs/10.0.0/firebase.tgz"},"live":{"version":"10.0","browserURL":"https://www.gstatic.com/firebasejs/live/10.0/firebase.js","packageURL":"https://www.gstatic.com/firebasejs/live/10.0/firebase.tgz"},"components":{"analytics":"https://www.gstatic.com/firebasejs/10.0.0/firebase-analytics.js","app":"https://www.gstatic.com/firebasejs/10.0.0/firebase-app.js","app-check":"https://www.gstatic.com/firebasejs/10.0.0/firebase-app-check.js","auth":"https://www.gstatic.com/firebasejs/10.0.0/firebase-auth.js","auth/cordova":"https://www.gstatic.com/firebasejs/10.0.0/firebase-auth/cordova.js","functions":"https://www.gstatic.com/firebasejs/10.0.0/firebase-functions.js","firestore":"https://www.gstatic.com/firebasejs/10.0.0/firebase-firestore.js","firestore/lite":"https://www.gstatic.com/firebasejs/10.0.0/firebase-firestore/lite.js","installations":"https://www.gstatic.com/firebasejs/10.0.0/firebase-installations.js","storage":"https://www.gstatic.com/firebasejs/10.0.0/firebase-storage.js","performance":"https://www.gstatic.com/firebasejs/10.0.0/firebase-performance.js","remote-config":"https://www.gstatic.com/firebasejs/10.0.0/firebase-remote-config.js","messaging":"https://www.gstatic.com/firebasejs/10.0.0/firebase-messaging.js","messaging/sw":"https://www.gstatic.com/firebasejs/10.0.0/firebase-messaging/sw.js","database":"https://www.gstatic.com/firebasejs/10.0.0/firebase-database.js","firestore.memory":"https://www.gstatic.com/firebasejs/10.0.0/firebase-firestore.memory.js"}}
[info] +  Wrote public/index.html 
[info] 
[info] i  Detected a .git folder at C:\Users\jojpo\OneDrive\เอกสาร\GitHub\startbootstrap-stylish-portfolio 
[info] i  Authorizing with GitHub to upload your service account to a GitHub repository's secrets store. 
[info] 
[info] Visit this URL on this device to log in:
[info] https://github.com/login/oauth/authorize?client_id=89cf50f02ac6aaed3484&state=724269532&redirect_uri=http%3A%2F%2Flocalhost%3A9005&scope=read%3Auser%20repo%20public_repo
[info] 
[info] Waiting for authentication...
[debug] [2023-07-08T16:15:53.215Z] >>> [apiv2][query] POST https://github.com/login/oauth/access_token [none]
[debug] [2023-07-08T16:15:53.215Z] >>> [apiv2][body] POST https://github.com/login/oauth/access_token [stream]
[debug] [2023-07-08T16:15:53.750Z] <<< [apiv2][status] POST https://github.com/login/oauth/access_token 200
[debug] [2023-07-08T16:15:53.750Z] <<< [apiv2][body] POST https://github.com/login/oauth/access_token {"access_token":"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","token_type":"bearer","scope":"read:user,repo"}
[debug] [2023-07-08T16:15:53.755Z] >>> [apiv2][query] GET https://api.github.com/user [none]
[debug] [2023-07-08T16:15:54.343Z] <<< [apiv2][status] GET https://api.github.com/user 200
[debug] [2023-07-08T16:15:54.343Z] <<< [apiv2][body] GET https://api.github.com/user {"login":"markwasan","id":85022075,"node_id":"MDQ6VXNlcjg1MDIyMDc1","avatar_url":"https://avatars.githubusercontent.com/u/85022075?v=4","gravatar_id":"","url":"https://api.github.com/users/markwasan","html_url":"https://github.com/markwasan","followers_url":"https://api.github.com/users/markwasan/followers","following_url":"https://api.github.com/users/markwasan/following{/other_user}","gists_url":"https://api.github.com/users/markwasan/gists{/gist_id}","starred_url":"https://api.github.com/users/markwasan/starred{/owner}{/repo}","subscriptions_url":"https://api.github.com/users/markwasan/subscriptions","organizations_url":"https://api.github.com/users/markwasan/orgs","repos_url":"https://api.github.com/users/markwasan/repos","events_url":"https://api.github.com/users/markwasan/events{/privacy}","received_events_url":"https://api.github.com/users/markwasan/received_events","type":"User","site_admin":false,"name":"Thinnakon Rakphonuaong ","company":null,"blog":"WWW.MARKTEST.WEBSITE   no hacker","location":null,"email":null,"hireable":null,"bio":"Fullstack Development &\r\nProgrammer &\r\nData Engineering ♾️🧑‍💻🧑‍💻♾️ ","twitter_username":null,"public_repos":2,"public_gists":0,"followers":0,"following":0,"created_at":"2021-05-29T12:40:53Z","updated_at":"2023-07-03T06:42:06Z","private_gists":0,"total_private_repos":2,"owned_private_repos":2,"disk_usage":569,"collaborators":0,"two_factor_authentication":false,"plan":{"name":"free","space":976562499,"collaborators":0,"private_repos":10000}}
[info] 
[info] +  Success! Logged into GitHub as markwasan 
[info] 
[debug] [2023-07-08T16:16:04.425Z] >>> [apiv2][query] GET https://api.github.com/repos//actions/secrets/public-key type=owner
[debug] [2023-07-08T16:16:04.903Z] <<< [apiv2][status] GET https://api.github.com/repos//actions/secrets/public-key 404
[debug] [2023-07-08T16:16:04.903Z] <<< [apiv2][body] GET https://api.github.com/repos//actions/secrets/public-key {"message":"Not Found","documentation_url":"https://docs.github.com/rest"}
[info] 
[info] 
[error] !  The provided authorization cannot be used with this repository. If this repository is in an organization, did you remember to grant access? 
[info] 
[info] i  Action required: Visit this URL to ensure access has been granted to the appropriate organization(s) for the Firebase CLI GitHub OAuth App: 
[info] https://github.com/settings/connections/applications/89cf50f02ac6aaed3484
[info] 
[debug] [2023-07-08T16:16:29.177Z] >>> [apiv2][query] GET https://api.github.com/repos//actions/secrets/public-key type=owner
[debug] [2023-07-08T16:16:29.822Z] <<< [apiv2][status] GET https://api.github.com/repos//actions/secrets/public-key 404
[debug] [2023-07-08T16:16:29.823Z] <<< [apiv2][body] GET https://api.github.com/repos//actions/secrets/public-key {"message":"Not Found","documentation_url":"https://docs.github.com/rest"}
[info] 
[info] 
[error] !  The provided authorization cannot be used with this repository. If this repository is in an organization, did you remember to grant access? 
[info] 
[info] i  Action required: Visit this URL to ensure access has been granted to the appropriate organization(s) for the Firebase CLI GitHub OAuth App: 
[info] https://github.com/settings/connections/applications/89cf50f02ac6aaed3484
[info] 
